<?xml version="1.0" encoding="UTF-8"?>
<testsuite xmlns:xsi="http://www.w3.org/2001/XMLSchema-instance" xsi:noNamespaceSchemaLocation="https://maven.apache.org/surefire/maven-surefire-plugin/xsd/surefire-test-report.xsd" name="TestSuite" time="15.391" tests="3" errors="0" skipped="1" failures="1">
  <properties>
[...]
</properties>
  <testcase name="check_logoPresence" classname="allureReportExample.AllureReportingDemo" time="0.601"/>
  <testcase name="loginTest" classname="allureReportExample.AllureReportingDemo" time="1.79">
    <failure message="expected [nopCommerce demo store] but found [nopCommerce demo store. Login]" type="java.lang.AssertionError">java.lang.AssertionError: expected [nopCommerce demo store] but found [nopCommerce demo store. Login]
	at allureReportExample.AllureReportingDemo.loginTest(AllureReportingDemo.java:75)
</failure>
    <system-out><![CDATA[I am in onTestSuccess method check_logoPresence succeed
I am in onTestStart method loginTest start
]]></system-out>
  </testcase>
  <testcase name="registrationTest" classname="allureReportExample.AllureReportingDemo" time="0">
    <skipped message="Skipping this Test"/>
    <system-out><![CDATA[I am in onTestFailure method loginTest failed
Screenshot captured for test case:loginTest
I am in onTestStart method registrationTest start
]]></system-out>
  </testcase>
</testsuite>