-------------------------------------------------------------------------------
Test set: TestSuite
-------------------------------------------------------------------------------
Tests run: 3, Failures: 1, Errors: 0, Skipped: 1, Time elapsed: 15.391 s <<< FAILURE! - in TestSuite
loginTest(allureReportExample.AllureReportingDemo)  Time elapsed: 1.79 s  <<< FAILURE!
java.lang.AssertionError: expected [nopCommerce demo store] but found [nopCommerce demo store. Login]
	at allureReportExample.AllureReportingDemo.loginTest(AllureReportingDemo.java:75)

